{"/Users/georgeborsato/Documents/nolan-backend/src/data/usecases/auth/register-user.ts": {"path":"/Users/georgeborsato/Documents/nolan-backend/src/data/usecases/auth/register-user.ts","all":false,"statementMap":{"0":{"start":{"line":1,"column":0},"end":{"line":1,"column":68}},"1":{"start":{"line":2,"column":0},"end":{"line":2,"column":0}},"2":{"start":{"line":3,"column":0},"end":{"line":3,"column":35}},"3":{"start":{"line":4,"column":0},"end":{"line":4,"column":74}},"4":{"start":{"line":5,"column":0},"end":{"line":5,"column":42}},"5":{"start":{"line":6,"column":0},"end":{"line":6,"column":1}},"6":{"start":{"line":7,"column":0},"end":{"line":7,"column":0}},"7":{"start":{"line":8,"column":0},"end":{"line":8,"column":51}},"8":{"start":{"line":9,"column":0},"end":{"line":9,"column":82}},"9":{"start":{"line":10,"column":0},"end":{"line":10,"column":0}},"10":{"start":{"line":11,"column":0},"end":{"line":11,"column":78}},"11":{"start":{"line":12,"column":0},"end":{"line":12,"column":75}},"12":{"start":{"line":13,"column":0},"end":{"line":13,"column":0}},"13":{"start":{"line":14,"column":0},"end":{"line":14,"column":56}},"14":{"start":{"line":15,"column":0},"end":{"line":15,"column":73}},"15":{"start":{"line":16,"column":0},"end":{"line":16,"column":0}},"16":{"start":{"line":17,"column":0},"end":{"line":17,"column":67}},"17":{"start":{"line":18,"column":0},"end":{"line":18,"column":3}},"18":{"start":{"line":19,"column":0},"end":{"line":19,"column":1}}},"s":{"0":1,"1":1,"2":1,"3":1,"4":1,"5":1,"6":1,"7":1,"8":1,"9":1,"10":1,"11":3,"12":3,"13":3,"14":3,"15":1,"16":1,"17":3,"18":1},"branchMap":{"0":{"type":"branch","line":9,"loc":{"start":{"line":9,"column":2},"end":{"line":9,"column":82}},"locations":[{"start":{"line":9,"column":2},"end":{"line":9,"column":82}}]},"1":{"type":"branch","line":11,"loc":{"start":{"line":11,"column":2},"end":{"line":18,"column":3}},"locations":[{"start":{"line":11,"column":2},"end":{"line":18,"column":3}}]},"2":{"type":"branch","line":14,"loc":{"start":{"line":14,"column":19},"end":{"line":14,"column":56}},"locations":[{"start":{"line":14,"column":19},"end":{"line":14,"column":56}}]},"3":{"type":"branch","line":14,"loc":{"start":{"line":14,"column":55},"end":{"line":15,"column":34}},"locations":[{"start":{"line":14,"column":55},"end":{"line":15,"column":34}}]},"4":{"type":"branch","line":15,"loc":{"start":{"line":15,"column":28},"end":{"line":17,"column":67}},"locations":[{"start":{"line":15,"column":28},"end":{"line":17,"column":67}}]}},"b":{"0":[3],"1":[3],"2":[1],"3":[2],"4":[1]},"fnMap":{"0":{"name":"RegisterUser","decl":{"start":{"line":9,"column":2},"end":{"line":9,"column":82}},"loc":{"start":{"line":9,"column":2},"end":{"line":9,"column":82}},"line":9},"1":{"name":"create","decl":{"start":{"line":11,"column":2},"end":{"line":18,"column":3}},"loc":{"start":{"line":11,"column":2},"end":{"line":18,"column":3}},"line":11}},"f":{"0":3,"1":3}}
,"/Users/georgeborsato/Documents/nolan-backend/src/domain/usecases/index.ts": {"path":"/Users/georgeborsato/Documents/nolan-backend/src/domain/usecases/index.ts","all":true,"statementMap":{"0":{"start":{"line":1,"column":0},"end":{"line":1,"column":36}}},"s":{"0":0},"branchMap":{"0":{"type":"branch","line":1,"loc":{"start":{"line":1,"column":0},"end":{"line":1,"column":36}},"locations":[{"start":{"line":1,"column":0},"end":{"line":1,"column":36}}]}},"b":{"0":[0]},"fnMap":{"0":{"name":"(empty-report)","decl":{"start":{"line":1,"column":0},"end":{"line":1,"column":36}},"loc":{"start":{"line":1,"column":0},"end":{"line":1,"column":36}},"line":1}},"f":{"0":0}}
}
